
Showing logs for build [32mcb-kubecd-environment-pr-74-4-b-mkm7z-1[0m stage [32mfrom-build-pack[0m and container [32mstep-credential-initializer-d2jkp[0m
{"level":"warn","ts":1574420276.4948645,"logger":"fallback-logger","caller":"logging/config.go:69","msg":"Fetch GitHub commit ID from kodata failed: \"ref: refs/heads/master\" is not a valid GitHub commit ID"}
{"level":"info","ts":1574420276.4959023,"logger":"fallback-logger","caller":"creds-init/main.go:40","msg":"Credentials initialized."}

Showing logs for build [32mcb-kubecd-environment-pr-74-4-b-mkm7z-1[0m stage [32mfrom-build-pack[0m and container [32mstep-working-dir-initializer-rb7zq[0m
{"level":"warn","ts":1574420277.60615,"logger":"fallback-logger","caller":"logging/config.go:69","msg":"Fetch GitHub commit ID from kodata failed: open /var/run/ko/HEAD: no such file or directory"}
{"level":"info","ts":1574420277.6094167,"logger":"fallback-logger","caller":"bash/main.go:65","msg":"Successfully executed command \"mkdir -p /workspace/source\""}

Showing logs for build [32mcb-kubecd-environment-pr-74-4-b-mkm7z-1[0m stage [32mfrom-build-pack[0m and container [32mstep-place-tools[0m

Showing logs for build [32mcb-kubecd-environment-pr-74-4-b-mkm7z-1[0m stage [32mfrom-build-pack[0m and container [32mstep-git-source-cb-kubecd-environment-pr-74-4-b-57khx[0m
{"level":"warn","ts":1574420283.7681847,"logger":"fallback-logger","caller":"logging/config.go:69","msg":"Fetch GitHub commit ID from kodata failed: \"ref: refs/heads/master\" is not a valid GitHub commit ID"}
{"level":"info","ts":1574420284.8122122,"logger":"fallback-logger","caller":"git/git.go:102","msg":"Successfully cloned https://github.com/cb-kubecd/environment-pr-74-4-boot-vault-gke-staging.git @ master in path /workspace/source"}

Showing logs for build [32mcb-kubecd-environment-pr-74-4-b-mkm7z-1[0m stage [32mfrom-build-pack[0m and container [32mstep-git-merge[0m
Using SHAs from PULL_REFS=master:9f3a418355d3359e2a2b256cdc84c7b7c6a50b3a,3:9f4d47368da7412ec1676f82c59a2b8a50b50442
DEBUG: ran git fetch --unshallow origin 9f4d47368da7412ec1676f82c59a2b8a50b50442: 9f3a418355d3359e2a2b256cdc84c7b7c6a50b3a: in 
DEBUG: ran git checkout master in 
DEBUG: ran git reset --hard 9f3a418355d3359e2a2b256cdc84c7b7c6a50b3a in 
DEBUG: ran clean --force -d . in 
DEBUG: ran git merge 9f4d47368da7412ec1676f82c59a2b8a50b50442 in 
Merged SHA 9f4d47368da7412ec1676f82c59a2b8a50b50442 with commit message 'chore: Promote bdd-sbhg-1574418675 to version 0.0.1' into base branch master

Showing logs for build [32mcb-kubecd-environment-pr-74-4-b-mkm7z-1[0m stage [32mfrom-build-pack[0m and container [32mstep-build-helm-build[0m
WARNING: No $CHART_REPOSITORY defined so using the default value of: http://jenkins-x-chartmuseum:8080
Adding missing Helm repo: storage.googleapis.com https://storage.googleapis.com/chartmuseum.jenkins-x.io
Read credentials for https://storage.googleapis.com/chartmuseum.jenkins-x.io from vault helm/repos
Successfully added Helm repository storage.googleapis.com.
Adding missing Helm repo: jenkins-x-chartmuseum http://jenkins-x-chartmuseum:8080
Read credentials for http://jenkins-x-chartmuseum:8080 from vault helm/repos
Successfully added Helm repository jenkins-x-chartmuseum.
WARNING: No $CHART_REPOSITORY defined so using the default value of: http://jenkins-x-chartmuseum:8080
Adding missing Helm repo: chartmuseum.jenkins-x.io http://chartmuseum.jenkins-x.io
Read credentials for http://chartmuseum.jenkins-x.io from vault helm/repos
Successfully added Helm repository chartmuseum.jenkins-x.io.
