
Showing logs for build [32mcb-kubecd-environment-pr-74-4-b-d4phx-1[0m stage [32mfrom-build-pack[0m and container [32mstep-credential-initializer-nklkj[0m
{"level":"warn","ts":1574417120.1765149,"logger":"fallback-logger","caller":"logging/config.go:69","msg":"Fetch GitHub commit ID from kodata failed: \"ref: refs/heads/master\" is not a valid GitHub commit ID"}
{"level":"info","ts":1574417120.177361,"logger":"fallback-logger","caller":"creds-init/main.go:40","msg":"Credentials initialized."}

Showing logs for build [32mcb-kubecd-environment-pr-74-4-b-d4phx-1[0m stage [32mfrom-build-pack[0m and container [32mstep-working-dir-initializer-s9xz7[0m
{"level":"warn","ts":1574417120.9208088,"logger":"fallback-logger","caller":"logging/config.go:69","msg":"Fetch GitHub commit ID from kodata failed: open /var/run/ko/HEAD: no such file or directory"}
{"level":"info","ts":1574417120.9229627,"logger":"fallback-logger","caller":"bash/main.go:65","msg":"Successfully executed command \"mkdir -p /workspace/source\""}

Showing logs for build [32mcb-kubecd-environment-pr-74-4-b-d4phx-1[0m stage [32mfrom-build-pack[0m and container [32mstep-place-tools[0m

Showing logs for build [32mcb-kubecd-environment-pr-74-4-b-d4phx-1[0m stage [32mfrom-build-pack[0m and container [32mstep-git-source-cb-kubecd-environment-pr-74-4-b-q8c2g[0m
{"level":"warn","ts":1574417148.9995694,"logger":"fallback-logger","caller":"logging/config.go:69","msg":"Fetch GitHub commit ID from kodata failed: \"ref: refs/heads/master\" is not a valid GitHub commit ID"}
{"level":"info","ts":1574417150.0569344,"logger":"fallback-logger","caller":"git/git.go:102","msg":"Successfully cloned https://github.com/cb-kubecd/environment-pr-74-4-boot-vault-gke-staging.git @ master in path /workspace/source"}

Showing logs for build [32mcb-kubecd-environment-pr-74-4-b-d4phx-1[0m stage [32mfrom-build-pack[0m and container [32mstep-git-merge[0m
Using SHAs from PULL_REFS=master:c033d653f3885b294d11c2ea5b0f7bb345984e69,1:45efe99fb2db82d78b2a0b23152309343fc1392a
DEBUG: ran git fetch --unshallow origin 45efe99fb2db82d78b2a0b23152309343fc1392a: c033d653f3885b294d11c2ea5b0f7bb345984e69: in 
DEBUG: ran git checkout master in 
DEBUG: ran git reset --hard c033d653f3885b294d11c2ea5b0f7bb345984e69 in 
DEBUG: ran clean --force -d . in 
DEBUG: ran git merge 45efe99fb2db82d78b2a0b23152309343fc1392a in 
Merged SHA 45efe99fb2db82d78b2a0b23152309343fc1392a with commit message 'chore: Promote bdd-spring-1574416677 to version 0.0.1' into base branch master

Showing logs for build [32mcb-kubecd-environment-pr-74-4-b-d4phx-1[0m stage [32mfrom-build-pack[0m and container [32mstep-build-helm-build[0m
WARNING: No $CHART_REPOSITORY defined so using the default value of: http://jenkins-x-chartmuseum:8080
Adding missing Helm repo: storage.googleapis.com https://storage.googleapis.com/chartmuseum.jenkins-x.io
Read credentials for https://storage.googleapis.com/chartmuseum.jenkins-x.io from vault helm/repos
Successfully added Helm repository storage.googleapis.com.
Adding missing Helm repo: jenkins-x-chartmuseum http://jenkins-x-chartmuseum:8080
Read credentials for http://jenkins-x-chartmuseum:8080 from vault helm/repos
Successfully added Helm repository jenkins-x-chartmuseum.
WARNING: No $CHART_REPOSITORY defined so using the default value of: http://jenkins-x-chartmuseum:8080
Adding missing Helm repo: chartmuseum.jenkins-x.io http://chartmuseum.jenkins-x.io
Read credentials for http://chartmuseum.jenkins-x.io from vault helm/repos
Successfully added Helm repository chartmuseum.jenkins-x.io.
